\BOOKMARK [0][-]{Doc-Start}{ACKNOWLEDGEMENTS}{}% 1
\BOOKMARK [0][-]{Doc-Start}{LIST OF FIGURES}{}% 2
\BOOKMARK [0][-]{Doc-Start}{LIST OF TABLES}{}% 3
\BOOKMARK [0][-]{Doc-Start}{LIST OF ABBREVIATIONS}{}% 4
\BOOKMARK [0][-]{chapter.1}{INTRODUCTION}{}% 5
\BOOKMARK [1][-]{section.1.1}{Motivation}{chapter.1}% 6
\BOOKMARK [1][-]{section.1.2}{Aims}{chapter.1}% 7
\BOOKMARK [1][-]{section.1.3}{Overview of topology optimization}{chapter.1}% 8
\BOOKMARK [2][-]{subsection.1.3.1}{Continuum vs discrete topology optimization}{section.1.3}% 9
\BOOKMARK [2][-]{subsection.1.3.2}{Sizing, shape and topology optimization}{section.1.3}% 10
\BOOKMARK [1][-]{section.1.4}{Quasi-static linear elasticity}{chapter.1}% 11
\BOOKMARK [2][-]{subsection.1.4.1}{Strong form}{section.1.4}% 12
\BOOKMARK [2][-]{subsection.1.4.2}{Weak form}{section.1.4}% 13
\BOOKMARK [2][-]{subsection.1.4.3}{Finite dimensional weak form}{section.1.4}% 14
\BOOKMARK [2][-]{subsection.1.4.4}{Basis functions}{section.1.4}% 15
\BOOKMARK [2][-]{subsection.1.4.5}{Variable substitution}{section.1.4}% 16
\BOOKMARK [2][-]{subsection.1.4.6}{Gaussian quadrature integration}{section.1.4}% 17
\BOOKMARK [2][-]{subsection.1.4.7}{Matrix-vector weak form}{section.1.4}% 18
\BOOKMARK [2][-]{subsection.1.4.8}{Analysis to topology optimization}{section.1.4}% 19
\BOOKMARK [1][-]{section.1.5}{Topology optimization formulations}{chapter.1}% 20
\BOOKMARK [2][-]{subsection.1.5.1}{Design parameterization}{section.1.5}% 21
\BOOKMARK [2][-]{subsection.1.5.2}{Compliance minimization}{section.1.5}% 22
\BOOKMARK [2][-]{subsection.1.5.3}{Compliance-constrained optimization}{section.1.5}% 23
\BOOKMARK [2][-]{subsection.1.5.4}{Filter types}{section.1.5}% 24
\BOOKMARK [2][-]{subsection.1.5.5}{Nested vs simultaneous analysis and design}{section.1.5}% 25
\BOOKMARK [2][-]{subsection.1.5.6}{Solid isotropic material with penalization}{section.1.5}% 26
\BOOKMARK [2][-]{subsection.1.5.7}{Continuation SIMP}{section.1.5}% 27
\BOOKMARK [2][-]{subsection.1.5.8}{Evolutionary structural optimization}{section.1.5}% 28
\BOOKMARK [2][-]{subsection.1.5.9}{Genetic evolutionary structural optimization}{section.1.5}% 29
\BOOKMARK [2][-]{subsection.1.5.10}{Topology optimization problem classes}{section.1.5}% 30
\BOOKMARK [1][-]{section.1.6}{Nonlinear programming}{chapter.1}% 31
\BOOKMARK [2][-]{subsection.1.6.1}{Formulations}{section.1.6}% 32
\BOOKMARK [2][-]{subsection.1.6.2}{Regularity conditions}{section.1.6}% 33
\BOOKMARK [2][-]{subsection.1.6.3}{Sufficient optimality conditions for regular points}{section.1.6}% 34
\BOOKMARK [2][-]{subsection.1.6.4}{Method of moving asymptotes}{section.1.6}% 35
\BOOKMARK [2][-]{subsection.1.6.5}{Primal-dual interior point method}{section.1.6}% 36
\BOOKMARK [2][-]{subsection.1.6.6}{Augmented Lagrangian algorithm}{section.1.6}% 37
\BOOKMARK [1][-]{section.1.7}{Topology optimization under uncertainty}{chapter.1}% 38
\BOOKMARK [2][-]{subsection.1.7.1}{Robust optimization}{section.1.7}% 39
\BOOKMARK [2][-]{subsection.1.7.2}{Stochastic and risk-averse optimization}{section.1.7}% 40
\BOOKMARK [2][-]{subsection.1.7.3}{Reliability-based design optimization}{section.1.7}% 41
\BOOKMARK [2][-]{subsection.1.7.4}{Relationship between uncertainty paradigms}{section.1.7}% 42
\BOOKMARK [1][-]{section.1.8}{Linear algebra}{chapter.1}% 43
\BOOKMARK [2][-]{subsection.1.8.1}{Solving a linear system}{section.1.8}% 44
\BOOKMARK [2][-]{subsection.1.8.2}{Eigenvalue decomposition}{section.1.8}% 45
\BOOKMARK [2][-]{subsection.1.8.3}{Singular value decomposition}{section.1.8}% 46
\BOOKMARK [2][-]{subsection.1.8.4}{Trace estimation}{section.1.8}% 47
\BOOKMARK [2][-]{subsection.1.8.5}{Diagonal estimation}{section.1.8}% 48
\BOOKMARK [1][-]{section.1.9}{Scope and limitations of the study}{chapter.1}% 49
\BOOKMARK [1][-]{section.1.10}{Significance of the study}{chapter.1}% 50
\BOOKMARK [0][-]{chapter.2}{Adaptive continuation SIMP}{}% 51
\BOOKMARK [1][-]{section.2.1}{Introduction}{chapter.2}% 52
\BOOKMARK [1][-]{section.2.2}{Literature review}{chapter.2}% 53
\BOOKMARK [1][-]{section.2.3}{Penalty adaptation}{chapter.2}% 54
\BOOKMARK [1][-]{section.2.4}{Test Problems}{chapter.2}% 55
\BOOKMARK [1][-]{section.2.5}{Implementation}{chapter.2}% 56
\BOOKMARK [2][-]{subsection.2.5.1}{Finite element analysis}{section.2.5}% 57
\BOOKMARK [2][-]{subsection.2.5.2}{Optimization}{section.2.5}% 58
\BOOKMARK [1][-]{section.2.6}{Evaluating SIMP}{chapter.2}% 59
\BOOKMARK [1][-]{section.2.7}{Results and Discussion}{chapter.2}% 60
\BOOKMARK [2][-]{subsection.2.7.1}{Fixed tolerance}{section.2.7}% 61
\BOOKMARK [2][-]{subsection.2.7.2}{Decreasing tolerance}{section.2.7}% 62
\BOOKMARK [1][-]{section.2.8}{Effect of xmin}{chapter.2}% 63
\BOOKMARK [1][-]{section.2.9}{Conclusion}{chapter.2}% 64
\BOOKMARK [0][-]{chapter.3}{Exact compliance-based optimization with finitely many loading scenarios}{}% 65
\BOOKMARK [1][-]{section.3.1}{Introduction}{chapter.3}% 66
\BOOKMARK [1][-]{section.3.2}{Literature review}{chapter.3}% 67
\BOOKMARK [2][-]{subsection.3.2.1}{Mean compliance minimization}{section.3.2}% 68
\BOOKMARK [2][-]{subsection.3.2.2}{Risk-averse compliance minimization}{section.3.2}% 69
\BOOKMARK [2][-]{subsection.3.2.3}{Probabilistic constraints and reliability-based topology optimization}{section.3.2}% 70
\BOOKMARK [2][-]{subsection.3.2.4}{Maximum compliance constraint}{section.3.2}% 71
\BOOKMARK [1][-]{section.3.3}{Compliance sample mean and its gradient}{chapter.3}% 72
\BOOKMARK [2][-]{subsection.3.3.1}{Naive approach}{section.3.3}% 73
\BOOKMARK [2][-]{subsection.3.3.2}{Singular value decomposition}{section.3.3}% 74
\BOOKMARK [1][-]{section.3.4}{Scalar-valued function of load compliances and its gradient}{chapter.3}% 75
\BOOKMARK [2][-]{subsection.3.4.1}{Naive approach}{section.3.4}% 76
\BOOKMARK [2][-]{subsection.3.4.2}{Singular value decomposition}{section.3.4}% 77
\BOOKMARK [1][-]{section.3.5}{Maximum compliance constraint}{chapter.3}% 78
\BOOKMARK [1][-]{section.3.6}{Setup and Implementation}{chapter.3}% 79
\BOOKMARK [2][-]{subsection.3.6.1}{Test problems}{section.3.6}% 80
\BOOKMARK [2][-]{subsection.3.6.2}{Software}{section.3.6}% 81
\BOOKMARK [2][-]{subsection.3.6.3}{Settings}{section.3.6}% 82
\BOOKMARK [1][-]{section.3.7}{Results and Discussion}{chapter.3}% 83
\BOOKMARK [2][-]{subsection.3.7.1}{Speed comparison}{section.3.7}% 84
\BOOKMARK [2][-]{subsection.3.7.2}{Optimization}{section.3.7}% 85
\BOOKMARK [1][-]{section.3.8}{Conclusion}{chapter.3}% 86
\BOOKMARK [0][-]{chapter.4}{Approximate compliance-based optimization with finitely many loading scenarios}{}% 87
\BOOKMARK [1][-]{section.4.1}{Introduction}{chapter.4}% 88
\BOOKMARK [1][-]{section.4.2}{Proposed algorithms}{chapter.4}% 89
\BOOKMARK [2][-]{subsection.4.2.1}{Approximating the compliance sample mean and its gradient}{section.4.2}% 90
\BOOKMARK [2][-]{subsection.4.2.2}{Approximating scalar-valued function of load compliances and its gradient}{section.4.2}% 91
\BOOKMARK [1][-]{section.4.3}{Setup and Implementation}{chapter.4}% 92
\BOOKMARK [2][-]{subsection.4.3.1}{Test problems}{section.4.3}% 93
\BOOKMARK [2][-]{subsection.4.3.2}{Software}{section.4.3}% 94
\BOOKMARK [2][-]{subsection.4.3.3}{Settings}{section.4.3}% 95
\BOOKMARK [1][-]{section.4.4}{Accuracy and speed comparison}{chapter.4}% 96
\BOOKMARK [1][-]{section.4.5}{Bias correction}{chapter.4}% 97
\BOOKMARK [2][-]{subsection.4.5.1}{Experiments}{section.4.5}% 98
\BOOKMARK [2][-]{subsection.4.5.2}{Mathematical analysis}{section.4.5}% 99
\BOOKMARK [1][-]{section.4.6}{Optimization}{chapter.4}% 100
\BOOKMARK [2][-]{subsection.4.6.1}{Low rank loads}{section.4.6}% 101
\BOOKMARK [2][-]{subsection.4.6.2}{High rank loads}{section.4.6}% 102
\BOOKMARK [2][-]{subsection.4.6.3}{3D cantilever beam problem}{section.4.6}% 103
\BOOKMARK [1][-]{section.4.7}{Conclusion}{chapter.4}% 104
\BOOKMARK [0][-]{chapter.5}{Conclusion and future work}{}% 105
\BOOKMARK [0][-]{section*.60}{Appendices}{}% 106
\BOOKMARK [1][-]{section.Alph0.1}{Partial derivative of the inverse quadratic form}{section*.60}% 107
